  imgui_impl_dx11.cpp
  imgui_impl_win32.cpp
  imgui_tables.cpp
  verilated.cpp
  verilated_save.cpp
  verilated_threads.cpp
  Vx16_main.cpp
C:\linux_temp\sim_x16\out\Vx16_main.cpp(12,34): warning C4316: 'Vx16_main__Syms': object allocated on the heap may not be aligned 64
  Vx16_main__ConstPool_0.cpp
  Vx16_main__ConstPool_1.cpp
  Vx16_main__ConstPool_2.cpp
  Vx16_main__ConstPool_3.cpp
  Vx16_main__Syms.cpp
  Vx16_main___024root__DepSet_h30238828__0.cpp
  Vx16_main___024root__DepSet_h30238828__0__Slow.cpp
  Vx16_main___024root__DepSet_h30238828__1.cpp
  Vx16_main___024root__DepSet_h30238828__1__Slow.cpp
  Vx16_main___024root__DepSet_h30238828__2.cpp
  Vx16_main___024root__DepSet_h85e20ccd__0.cpp
  Vx16_main___024root__DepSet_h85e20ccd__0__Slow.cpp
  Vx16_main___024root__Slow.cpp
  Compiling...
  sim_main.cpp
C:\linux_temp\sim_x16\sim_main.cpp(63,18): warning C4316: 'Vx16_main': object allocated on the heap may not be aligned 64
  imgui.cpp
  imgui_demo.cpp
  imgui_draw.cpp
  imgui_widgets.cpp
  Generating code
  299 of 2877 functions (10.4%) were compiled, the rest were copied from previous compilation.
    0 functions were new in current compilation
    253 functions had inline decision re-evaluated but remain unchanged
  Finished generating code
imgui_draw.obj : warning LNK4020: a type record in 'c:\linux_temp\sim_x16\consoleapplication1\release\vc143.pdb' is corrupted; some symbols and types may not be accessible from the debugger
imgui_widgets.obj : warning LNK4020: a type record in 'c:\linux_temp\sim_x16\consoleapplication1\release\vc143.pdb' is corrupted; some symbols and types may not be accessible from the debugger
* linker generated manifest res * : warning LNK4020: a type record in 'c:\linux_temp\sim_x16\consoleapplication1\release\vc143.pdb' is corrupted; some symbols and types may not be accessible from the debugger
gdi32.lib(GDI32.dll) : warning LNK4020: a type record in 'c:\linux_temp\sim_x16\consoleapplication1\release\vc143.pdb' is corrupted; some symbols and types may not be accessible from the debugger
d3d11.lib(d3d11.dll) : warning LNK4020: a type record in 'c:\linux_temp\sim_x16\consoleapplication1\release\vc143.pdb' is corrupted; some symbols and types may not be accessible from the debugger
MSVCRT.lib(dyn_tls_init.obj) : warning LNK4020: a type record in 'c:\linux_temp\sim_x16\consoleapplication1\release\vc143.pdb' is corrupted; some symbols and types may not be accessible from the debugger
MSVCRT.lib(cpu_disp.obj) : warning LNK4020: a type record in 'c:\linux_temp\sim_x16\consoleapplication1\release\vc143.pdb' is corrupted; some symbols and types may not be accessible from the debugger
MSVCRT.lib(chandler4gs.obj) : warning LNK4020: a type record in 'c:\linux_temp\sim_x16\consoleapplication1\release\vc143.pdb' is corrupted; some symbols and types may not be accessible from the debugger
MSVCRT.lib(secchk.obj) : warning LNK4020: a type record in 'c:\linux_temp\sim_x16\consoleapplication1\release\vc143.pdb' is corrupted; some symbols and types may not be accessible from the debugger
MSVCRT.lib(matherr.obj) : warning LNK4020: a type record in 'c:\linux_temp\sim_x16\consoleapplication1\release\vc143.pdb' is corrupted; some symbols and types may not be accessible from the debugger
MSVCRT.lib(ehvecctr.obj) : warning LNK4020: a type record in 'c:\linux_temp\sim_x16\consoleapplication1\release\vc143.pdb' is corrupted; some symbols and types may not be accessible from the debugger
MSVCRT.lib(std_type_info_static.obj) : warning LNK4020: a type record in 'c:\linux_temp\sim_x16\consoleapplication1\release\vc143.pdb' is corrupted; some symbols and types may not be accessible from the debugger
MSVCRT.lib(tlssup.obj) : warning LNK4020: a type record in 'c:\linux_temp\sim_x16\consoleapplication1\release\vc143.pdb' is corrupted; some symbols and types may not be accessible from the debugger
LINK : warning LNK4020: a type record in 'c:\linux_temp\sim_x16\consoleapplication1\release\vc143.pdb' is corrupted; some symbols and types may not be accessible from the debugger
LINK : warning LNK4020: a type record in 'c:\linux_temp\sim_x16\consoleapplication1\release\vc143.pdb' is corrupted; some symbols and types may not be accessible from the debugger
LINK : warning LNK4020: a type record in 'c:\linux_temp\sim_x16\consoleapplication1\release\vc143.pdb' is corrupted; some symbols and types may not be accessible from the debugger
LINK : warning LNK4020: a type record in 'c:\linux_temp\sim_x16\consoleapplication1\release\vc143.pdb' is corrupted; some symbols and types may not be accessible from the debugger
LINK : warning LNK4020: a type record in 'c:\linux_temp\sim_x16\consoleapplication1\release\vc143.pdb' is corrupted; some symbols and types may not be accessible from the debugger
LINK : warning LNK4020: a type record in 'c:\linux_temp\sim_x16\consoleapplication1\release\vc143.pdb' is corrupted; some symbols and types may not be accessible from the debugger
LINK : warning LNK4020: a type record in 'c:\linux_temp\sim_x16\consoleapplication1\release\vc143.pdb' is corrupted; some symbols and types may not be accessible from the debugger
LINK : warning LNK4020: a type record in 'c:\linux_temp\sim_x16\consoleapplication1\release\vc143.pdb' is corrupted; some symbols and types may not be accessible from the debugger
LINK : warning LNK4020: a type record in 'c:\linux_temp\sim_x16\consoleapplication1\release\vc143.pdb' is corrupted; some symbols and types may not be accessible from the debugger
LINK : warning LNK4020: a type record in 'c:\linux_temp\sim_x16\consoleapplication1\release\vc143.pdb' is corrupted; some symbols and types may not be accessible from the debugger
  ConsoleApplication1.vcxproj -> C:\linux_temp\sim_x16\Release\ConsoleApplication1.exe
