c:\linux_temp\sim_taito_f3\consoleapplication1\release\vc143.pdb
c:\linux_temp\sim_taito_f3\consoleapplication1\release\imgui_widgets.obj
c:\linux_temp\sim_taito_f3\consoleapplication1\release\imgui_draw.obj
c:\linux_temp\sim_taito_f3\consoleapplication1\release\imgui_demo.obj
c:\linux_temp\sim_taito_f3\consoleapplication1\release\imgui.obj
c:\linux_temp\sim_taito_f3\consoleapplication1\release\sim_main.obj
c:\linux_temp\sim_taito_f3\consoleapplication1\release\vtaito_f3_main___024unit__slow.obj
c:\linux_temp\sim_taito_f3\consoleapplication1\release\vtaito_f3_main___024unit__depset_h2c2a2179__0__slow.obj
c:\linux_temp\sim_taito_f3\consoleapplication1\release\vtaito_f3_main___024root__slow.obj
c:\linux_temp\sim_taito_f3\consoleapplication1\release\vtaito_f3_main___024root__depset_h6921a512__0__slow.obj
c:\linux_temp\sim_taito_f3\consoleapplication1\release\vtaito_f3_main___024root__depset_h6921a512__0.obj
c:\linux_temp\sim_taito_f3\consoleapplication1\release\vtaito_f3_main___024root__depset_h15306a93__0__slow.obj
c:\linux_temp\sim_taito_f3\consoleapplication1\release\vtaito_f3_main___024root__depset_h15306a93__0.obj
c:\linux_temp\sim_taito_f3\consoleapplication1\release\vtaito_f3_main__syms.obj
c:\linux_temp\sim_taito_f3\consoleapplication1\release\vtaito_f3_main.obj
c:\linux_temp\sim_taito_f3\consoleapplication1\release\verilated_threads.obj
c:\linux_temp\sim_taito_f3\consoleapplication1\release\verilated_save.obj
c:\linux_temp\sim_taito_f3\consoleapplication1\release\verilated.obj
c:\linux_temp\sim_taito_f3\consoleapplication1\release\imgui_tables.obj
c:\linux_temp\sim_taito_f3\consoleapplication1\release\imgui_impl_win32.obj
c:\linux_temp\sim_taito_f3\consoleapplication1\release\imgui_impl_dx11.obj
c:\linux_temp\sim_taito_f3\release\consoleapplication1.exe
c:\linux_temp\sim_taito_f3\release\consoleapplication1.pdb
c:\linux_temp\sim_taito_f3\consoleapplication1\release\consoleapplication1.ipdb
c:\linux_temp\sim_taito_f3\consoleapplication1\release\consoleapplication1.iobj
c:\linux_temp\sim_x16\consoleapplication1\release\imgui.obj
c:\linux_temp\sim_x16\consoleapplication1\release\imgui_demo.obj
c:\linux_temp\sim_x16\consoleapplication1\release\imgui_draw.obj
c:\linux_temp\sim_x16\consoleapplication1\release\imgui_impl_dx11.obj
c:\linux_temp\sim_x16\consoleapplication1\release\imgui_impl_win32.obj
c:\linux_temp\sim_x16\consoleapplication1\release\imgui_tables.obj
c:\linux_temp\sim_x16\consoleapplication1\release\imgui_widgets.obj
c:\linux_temp\sim_x16\consoleapplication1\release\sim_main.obj
c:\linux_temp\sim_x16\consoleapplication1\release\verilated.obj
c:\linux_temp\sim_x16\consoleapplication1\release\verilated_save.obj
c:\linux_temp\sim_x16\consoleapplication1\release\verilated_threads.obj
c:\linux_temp\sim_x16\consoleapplication1\release\vtaito_f3_main.obj
c:\linux_temp\sim_x16\consoleapplication1\release\vtaito_f3_main__syms.obj
c:\linux_temp\sim_x16\consoleapplication1\release\vtaito_f3_main___024root__depset_h15306a93__0.obj
c:\linux_temp\sim_x16\consoleapplication1\release\vtaito_f3_main___024root__depset_h15306a93__0__slow.obj
c:\linux_temp\sim_x16\consoleapplication1\release\vtaito_f3_main___024root__depset_h6921a512__0.obj
c:\linux_temp\sim_x16\consoleapplication1\release\vtaito_f3_main___024root__depset_h6921a512__0__slow.obj
c:\linux_temp\sim_x16\consoleapplication1\release\vtaito_f3_main___024root__slow.obj
c:\linux_temp\sim_x16\consoleapplication1\release\vtaito_f3_main___024unit__depset_h2c2a2179__0__slow.obj
c:\linux_temp\sim_x16\consoleapplication1\release\vtaito_f3_main___024unit__slow.obj
c:\linux_temp\sim_x16\consoleapplication1\release\consoleapplication1.ipdb
c:\linux_temp\sim_x16\consoleapplication1\release\consoleapplication1.iobj
c:\linux_temp\sim_x16\consoleapplication1\release\vc143.pdb
c:\linux_temp\sim_x16\release\consoleapplication1.pdb
c:\linux_temp\sim_x16\release\consoleapplication1.exe
c:\linux_temp\sim_x16\consoleapplication1\release\consolea.1545f258.tlog\cl.command.1.tlog
c:\linux_temp\sim_x16\consoleapplication1\release\consolea.1545f258.tlog\cl.items.tlog
c:\linux_temp\sim_x16\consoleapplication1\release\consolea.1545f258.tlog\cl.read.1.tlog
c:\linux_temp\sim_x16\consoleapplication1\release\consolea.1545f258.tlog\cl.write.1.tlog
c:\linux_temp\sim_x16\consoleapplication1\release\consolea.1545f258.tlog\link.command.1.tlog
c:\linux_temp\sim_x16\consoleapplication1\release\consolea.1545f258.tlog\link.read.1.tlog
c:\linux_temp\sim_x16\consoleapplication1\release\consolea.1545f258.tlog\link.secondary.1.tlog
c:\linux_temp\sim_x16\consoleapplication1\release\consolea.1545f258.tlog\link.write.1.tlog
